<?xml version="1.0" encoding="UTF-8"?>
<!-- Generated by org.testng.reporters.JUnitXMLReporter -->
<testsuite hostname="Riaz" ignored="0" name="Regressiontesting" tests="1" failures="0" timestamp="2024-07-06T03:13:04 EDT" time="7.236" errors="0">
  <testcase name="@BeforeMethod Browsers" time="2.123" classname="Common.Utilities">
    <failure type="org.openqa.selenium.SessionNotCreatedException" message="session not created: This version of Microsoft Edge WebDriver only supports Microsoft Edge version 124
Current browser version is 126.0.2592.87 with binary path C:\Program Files (x86)\Microsoft\Edge\Application\msedge.exe
Build info: version: &amp;apos;3.141.59&amp;apos;, revision: &amp;apos;e82be7d358&amp;apos;, time: &amp;apos;2018-11-14T08:17:03&amp;apos;
System info: host: &amp;apos;RIAZ&amp;apos;, ip: &amp;apos;192.168.18.29&amp;apos;, os.name: &amp;apos;Windows 11&amp;apos;, os.arch: &amp;apos;amd64&amp;apos;, os.version: &amp;apos;10.0&amp;apos;, java.version: &amp;apos;1.8.0_341&amp;apos;
Driver info: driver.version: EdgeDriver
remote stacktrace: 	GetHandleVerifier [0x00007FF65C72D8E2+35890]
	Microsoft::Applications::Events::FromJSON [0x00007FF65C6EACC2+1330002]
	Microsoft::Applications::Events::ILogManager::operator= [0x00007FF65C4DE137+5095]
	Microsoft::Applications::Events::GUID_t::GUID_t [0x00007FF65C516443+99987]
	Microsoft::Applications::Events::GUID_t::GUID_t [0x00007FF65C515A1A+97386]
	Microsoft::Applications::Events::GUID_t::GUID_t [0x00007FF65C50FF85+74197]
	Microsoft::Applications::Events::GUID_t::GUID_t [0x00007FF65C50CA07+60503]
	Microsoft::Applications::Events::GUID_t::GUID_t [0x00007FF65C54E62C+329852]
	Microsoft::Applications::Events::GUID_t::GUID_t [0x00007FF65C544373+288195]
	Microsoft::Applications::Events::GUID_t::GUID_t [0x00007FF65C519BEE+114238]
	Microsoft::Applications::Events::GUID_t::GUID_t [0x00007FF65C518DAC+110588]
	Microsoft::Applications::Events::GUID_t::GUID_t [0x00007FF65C5197A1+113137]
	GetHandleVerifier [0x00007FF65C7C39F4+650564]
	Microsoft::Applications::Events::FromJSON [0x00007FF65C5B99BC+79948]
	Microsoft::Applications::Events::FromJSON [0x00007FF65C692D4C+969692]
	Microsoft::Applications::Events::FromJSON [0x00007FF65C68B485+938773]
	GetHandleVerifier [0x00007FF65C7C29B5+646405]
	Microsoft::Applications::Events::FromJSON [0x00007FF65C6F2E81+1363217]
	Microsoft::Applications::Events::FromJSON [0x00007FF65C6EE4F4+1344388]
	Microsoft::Applications::Events::FromJSON [0x00007FF65C6EE62B+1344699]
	Microsoft::Applications::Events::FromJSON [0x00007FF65C6E5B21+1309105]
	BaseThreadInitThunk [0x00007FFD4970257D+29]
	RtlUserThreadStart [0x00007FFD4A5EAF28+40]
">
      <![CDATA[org.openqa.selenium.SessionNotCreatedException: session not created: This version of Microsoft Edge WebDriver only supports Microsoft Edge version 124
Current browser version is 126.0.2592.87 with binary path C:\Program Files (x86)\Microsoft\Edge\Application\msedge.exe
Build info: version: '3.141.59', revision: 'e82be7d358', time: '2018-11-14T08:17:03'
System info: host: 'RIAZ', ip: '192.168.18.29', os.name: 'Windows 11', os.arch: 'amd64', os.version: '10.0', java.version: '1.8.0_341'
Driver info: driver.version: EdgeDriver
remote stacktrace: GetHandleVerifier [0x00007FF65C72D8E2+35890]
Microsoft::Applications::Events::FromJSON [0x00007FF65C6EACC2+1330002]
Microsoft::Applications::Events::ILogManager::operator= [0x00007FF65C4DE137+5095]
Microsoft::Applications::Events::GUID_t::GUID_t [0x00007FF65C516443+99987]
Microsoft::Applications::Events::GUID_t::GUID_t [0x00007FF65C515A1A+97386]
Microsoft::Applications::Events::GUID_t::GUID_t [0x00007FF65C50FF85+74197]
Microsoft::Applications::Events::GUID_t::GUID_t [0x00007FF65C50CA07+60503]
Microsoft::Applications::Events::GUID_t::GUID_t [0x00007FF65C54E62C+329852]
Microsoft::Applications::Events::GUID_t::GUID_t [0x00007FF65C544373+288195]
Microsoft::Applications::Events::GUID_t::GUID_t [0x00007FF65C519BEE+114238]
Microsoft::Applications::Events::GUID_t::GUID_t [0x00007FF65C518DAC+110588]
Microsoft::Applications::Events::GUID_t::GUID_t [0x00007FF65C5197A1+113137]
GetHandleVerifier [0x00007FF65C7C39F4+650564]
Microsoft::Applications::Events::FromJSON [0x00007FF65C5B99BC+79948]
Microsoft::Applications::Events::FromJSON [0x00007FF65C692D4C+969692]
Microsoft::Applications::Events::FromJSON [0x00007FF65C68B485+938773]
GetHandleVerifier [0x00007FF65C7C29B5+646405]
Microsoft::Applications::Events::FromJSON [0x00007FF65C6F2E81+1363217]
Microsoft::Applications::Events::FromJSON [0x00007FF65C6EE4F4+1344388]
Microsoft::Applications::Events::FromJSON [0x00007FF65C6EE62B+1344699]
Microsoft::Applications::Events::FromJSON [0x00007FF65C6E5B21+1309105]
BaseThreadInitThunk [0x00007FFD4970257D+29]
RtlUserThreadStart [0x00007FFD4A5EAF28+40]

at org.openqa.selenium.remote.W3CHandshakeResponse.lambda$errorHandler$0(W3CHandshakeResponse.java:62)
at org.openqa.selenium.remote.HandshakeResponse.lambda$getResponseFunction$0(HandshakeResponse.java:30)
at org.openqa.selenium.remote.ProtocolHandshake.lambda$createSession$0(ProtocolHandshake.java:126)
at java.util.stream.ReferencePipeline$3$1.accept(ReferencePipeline.java:193)
at java.util.Spliterators$ArraySpliterator.tryAdvance(Spliterators.java:958)
at java.util.stream.ReferencePipeline.forEachWithCancel(ReferencePipeline.java:126)
at java.util.stream.AbstractPipeline.copyIntoWithCancel(AbstractPipeline.java:499)
at java.util.stream.AbstractPipeline.copyInto(AbstractPipeline.java:486)
at java.util.stream.AbstractPipeline.wrapAndCopyInto(AbstractPipeline.java:472)
at java.util.stream.FindOps$FindOp.evaluateSequential(FindOps.java:152)
at java.util.stream.AbstractPipeline.evaluate(AbstractPipeline.java:234)
at java.util.stream.ReferencePipeline.findFirst(ReferencePipeline.java:464)
at org.openqa.selenium.remote.ProtocolHandshake.createSession(ProtocolHandshake.java:128)
at org.openqa.selenium.remote.ProtocolHandshake.createSession(ProtocolHandshake.java:74)
at org.openqa.selenium.remote.HttpCommandExecutor.execute(HttpCommandExecutor.java:136)
at org.openqa.selenium.remote.service.DriverCommandExecutor.execute(DriverCommandExecutor.java:83)
at org.openqa.selenium.remote.RemoteWebDriver.execute(RemoteWebDriver.java:552)
at org.openqa.selenium.remote.RemoteWebDriver.startSession(RemoteWebDriver.java:213)
at org.openqa.selenium.remote.RemoteWebDriver.<init>(RemoteWebDriver.java:131)
at org.openqa.selenium.edge.EdgeDriver.<init>(EdgeDriver.java:141)
at org.openqa.selenium.edge.EdgeDriver.<init>(EdgeDriver.java:96)
at Common.Utilities.Browsers(Utilities.java:33)
at java.util.ArrayList.forEach(ArrayList.java:1259)
at java.util.concurrent.FutureTask.run(FutureTask.java:266)
at java.util.concurrent.ThreadPoolExecutor.runWorker(ThreadPoolExecutor.java:1149)
at java.util.concurrent.ThreadPoolExecutor$Worker.run(ThreadPoolExecutor.java:624)
at java.lang.Thread.run(Thread.java:750)
... Removed 26 stack frames]]>
    </failure>
  </testcase> <!-- @BeforeMethod Browsers -->
  <testcase name="@AfterMethod afterMethod" time="-1.72024997896E9" classname="Common.Utilities">
    <skipped/>
  </testcase> <!-- @AfterMethod afterMethod -->
  <testcase name="f" time="0.051" classname="Capstone.AutomationPractice6.Property"/>
</testsuite> <!-- Regressiontesting -->
