<!DOCTYPE html PUBLIC "-//W3C//DTD XHTML 1.1//EN" "https://www.w3.org/TR/xhtml11/DTD/xhtml11.dtd">
<html xmlns="https://www.w3.org/1999/xhtml">
<head>
<meta http-equiv="content-type" content="text/html; charset=UTF-8"/>
<title>TestNG Report</title>
<style type="text/css">table {margin-bottom:10px;border-collapse:collapse;empty-cells:show}th,td {border:1px solid #009;padding:.25em .5em}th {vertical-align:bottom}td {vertical-align:top}table a {font-weight:bold}.stripe td {background-color: #E6EBF9}.num {text-align:right}.passedodd td {background-color: #3F3}.passedeven td {background-color: #0A0}.skippedodd td {background-color: #DDD}.skippedeven td {background-color: #CCC}.failedodd td,.attn {background-color: #F33}.failedeven td,.stripe .attn {background-color: #D00}.stacktrace {white-space:pre;font-family:monospace}.totop {font-size:85%;text-align:center;border-bottom:2px solid #000}.invisible {display:none}</style>
</head>
<body>
<table>
<tr><th>Test</th><th># Passed</th><th># Skipped</th><th># Retried</th><th># Failed</th><th>Time (ms)</th><th>Included Groups</th><th>Excluded Groups</th></tr>
<tr><th colspan="8">Functionaltestingsuite</th></tr>
<tr><td><a href="#t0">RegressiontestingEdge</a></td><td class="num">0</td><td class="num attn">1</td><td class="num">0</td><td class="num">0</td><td class="num">2,176</td><td></td><td></td></tr>
<tr class="stripe"><td><a href="#t1">Regressiontesting</a></td><td class="num">1</td><td class="num">0</td><td class="num">0</td><td class="num">0</td><td class="num">7,236</td><td></td><td></td></tr>
<tr><th>Total</th><th class="num">1</th><th class="num attn">1</th><th class="num">0</th><th class="num">0</th><th class="num">9,412</th><th colspan="2"></th></tr>
</table>
<table id='summary'><thead><tr><th>Class</th><th>Method</th><th>Start</th><th>Time (ms)</th></tr></thead><tbody><tr><th colspan="4">Functionaltestingsuite</th></tr></tbody><tbody id="t0"><tr><th colspan="4">RegressiontestingEdge &#8212; failed (configuration methods)</th></tr><tr class="failedeven"><td rowspan="1">Capstone.AutomationPractice6.Property</td><td><a href="#m0">Browsers</a></td><td rowspan="1">1720249976819</td><td rowspan="1">2123</td></tr><tr><th colspan="4">RegressiontestingEdge &#8212; skipped (configuration methods)</th></tr><tr class="skippedeven"><td rowspan="1">Capstone.AutomationPractice6.Property</td><td><a href="#m1">afterMethod</a></td><td rowspan="1">1720249978960</td><td rowspan="1">-1720249978960</td></tr><tr><th colspan="4">RegressiontestingEdge &#8212; skipped</th></tr><tr class="skippedeven"><td rowspan="1">Capstone.AutomationPractice6.Property</td><td><a href="#m2">f</a></td><td rowspan="1">1720249978955</td><td rowspan="1">0</td></tr></tbody>
<tbody id="t1"><tr><th colspan="4">Regressiontesting &#8212; passed</th></tr><tr class="passedeven"><td rowspan="1">Capstone.AutomationPractice6.Property</td><td><a href="#m3">f</a></td><td rowspan="1">1720249980059</td><td rowspan="1">51</td></tr></tbody>
</table>
<h2>RegressiontestingEdge</h2><h3 id="m0">Capstone.AutomationPractice6.Property#Browsers</h3><table class="result"><tr class="param"><th>Parameter #1</th><th>Parameter #2</th></tr><tr class="param stripe"><td>Edge</td><td>https://www.facebook.com</td></tr><tr><th colspan="2">Exception</th></tr><tr><td colspan="2"><div class="stacktrace">org.openqa.selenium.SessionNotCreatedException: session not created: This version of Microsoft Edge WebDriver only supports Microsoft Edge version 124
Current browser version is 126.0.2592.87 with binary path C:\Program Files (x86)\Microsoft\Edge\Application\msedge.exe
Build info: version: &apos;3.141.59&apos;, revision: &apos;e82be7d358&apos;, time: &apos;2018-11-14T08:17:03&apos;
System info: host: &apos;RIAZ&apos;, ip: &apos;192.168.18.29&apos;, os.name: &apos;Windows 11&apos;, os.arch: &apos;amd64&apos;, os.version: &apos;10.0&apos;, java.version: &apos;1.8.0_341&apos;
Driver info: driver.version: EdgeDriver
remote stacktrace: 	GetHandleVerifier [0x00007FF65C72D8E2+35890]
	Microsoft::Applications::Events::FromJSON [0x00007FF65C6EACC2+1330002]
	Microsoft::Applications::Events::ILogManager::operator= [0x00007FF65C4DE137+5095]
	Microsoft::Applications::Events::GUID_t::GUID_t [0x00007FF65C516443+99987]
	Microsoft::Applications::Events::GUID_t::GUID_t [0x00007FF65C515A1A+97386]
	Microsoft::Applications::Events::GUID_t::GUID_t [0x00007FF65C50FF85+74197]
	Microsoft::Applications::Events::GUID_t::GUID_t [0x00007FF65C50CA07+60503]
	Microsoft::Applications::Events::GUID_t::GUID_t [0x00007FF65C54E62C+329852]
	Microsoft::Applications::Events::GUID_t::GUID_t [0x00007FF65C544373+288195]
	Microsoft::Applications::Events::GUID_t::GUID_t [0x00007FF65C519BEE+114238]
	Microsoft::Applications::Events::GUID_t::GUID_t [0x00007FF65C518DAC+110588]
	Microsoft::Applications::Events::GUID_t::GUID_t [0x00007FF65C5197A1+113137]
	GetHandleVerifier [0x00007FF65C7C39F4+650564]
	Microsoft::Applications::Events::FromJSON [0x00007FF65C5B99BC+79948]
	Microsoft::Applications::Events::FromJSON [0x00007FF65C692D4C+969692]
	Microsoft::Applications::Events::FromJSON [0x00007FF65C68B485+938773]
	GetHandleVerifier [0x00007FF65C7C29B5+646405]
	Microsoft::Applications::Events::FromJSON [0x00007FF65C6F2E81+1363217]
	Microsoft::Applications::Events::FromJSON [0x00007FF65C6EE4F4+1344388]
	Microsoft::Applications::Events::FromJSON [0x00007FF65C6EE62B+1344699]
	Microsoft::Applications::Events::FromJSON [0x00007FF65C6E5B21+1309105]
	BaseThreadInitThunk [0x00007FFD4970257D+29]
	RtlUserThreadStart [0x00007FFD4A5EAF28+40]

	at org.openqa.selenium.remote.W3CHandshakeResponse.lambda$errorHandler$0(W3CHandshakeResponse.java:62)
	at org.openqa.selenium.remote.HandshakeResponse.lambda$getResponseFunction$0(HandshakeResponse.java:30)
	at org.openqa.selenium.remote.ProtocolHandshake.lambda$createSession$0(ProtocolHandshake.java:126)
	at java.util.stream.ReferencePipeline$3$1.accept(ReferencePipeline.java:193)
	at java.util.Spliterators$ArraySpliterator.tryAdvance(Spliterators.java:958)
	at java.util.stream.ReferencePipeline.forEachWithCancel(ReferencePipeline.java:126)
	at java.util.stream.AbstractPipeline.copyIntoWithCancel(AbstractPipeline.java:499)
	at java.util.stream.AbstractPipeline.copyInto(AbstractPipeline.java:486)
	at java.util.stream.AbstractPipeline.wrapAndCopyInto(AbstractPipeline.java:472)
	at java.util.stream.FindOps$FindOp.evaluateSequential(FindOps.java:152)
	at java.util.stream.AbstractPipeline.evaluate(AbstractPipeline.java:234)
	at java.util.stream.ReferencePipeline.findFirst(ReferencePipeline.java:464)
	at org.openqa.selenium.remote.ProtocolHandshake.createSession(ProtocolHandshake.java:128)
	at org.openqa.selenium.remote.ProtocolHandshake.createSession(ProtocolHandshake.java:74)
	at org.openqa.selenium.remote.HttpCommandExecutor.execute(HttpCommandExecutor.java:136)
	at org.openqa.selenium.remote.service.DriverCommandExecutor.execute(DriverCommandExecutor.java:83)
	at org.openqa.selenium.remote.RemoteWebDriver.execute(RemoteWebDriver.java:552)
	at org.openqa.selenium.remote.RemoteWebDriver.startSession(RemoteWebDriver.java:213)
	at org.openqa.selenium.remote.RemoteWebDriver.&lt;init&gt;(RemoteWebDriver.java:131)
	at org.openqa.selenium.edge.EdgeDriver.&lt;init&gt;(EdgeDriver.java:141)
	at org.openqa.selenium.edge.EdgeDriver.&lt;init&gt;(EdgeDriver.java:96)
	at Common.Utilities.Browsers(Utilities.java:33)
	at java.util.ArrayList.forEach(ArrayList.java:1259)
	at java.util.concurrent.FutureTask.run(FutureTask.java:266)
	at java.util.concurrent.ThreadPoolExecutor.runWorker(ThreadPoolExecutor.java:1149)
	at java.util.concurrent.ThreadPoolExecutor$Worker.run(ThreadPoolExecutor.java:624)
	at java.lang.Thread.run(Thread.java:750)
... Removed 26 stack frames</div></td></tr></table><p class="totop"><a href="#summary">back to summary</a></p>
<h3 id="m1">Capstone.AutomationPractice6.Property#afterMethod</h3><table class="result"><tr><th class="invisible"/></tr></table><p class="totop"><a href="#summary">back to summary</a></p>
<h3 id="m2">Capstone.AutomationPractice6.Property#f</h3><table class="result"><tr><th>Exception</th></tr><tr><td><div class="stacktrace">org.openqa.selenium.SessionNotCreatedException: session not created: This version of Microsoft Edge WebDriver only supports Microsoft Edge version 124
Current browser version is 126.0.2592.87 with binary path C:\Program Files (x86)\Microsoft\Edge\Application\msedge.exe
Build info: version: &apos;3.141.59&apos;, revision: &apos;e82be7d358&apos;, time: &apos;2018-11-14T08:17:03&apos;
System info: host: &apos;RIAZ&apos;, ip: &apos;192.168.18.29&apos;, os.name: &apos;Windows 11&apos;, os.arch: &apos;amd64&apos;, os.version: &apos;10.0&apos;, java.version: &apos;1.8.0_341&apos;
Driver info: driver.version: EdgeDriver
remote stacktrace: 	GetHandleVerifier [0x00007FF65C72D8E2+35890]
	Microsoft::Applications::Events::FromJSON [0x00007FF65C6EACC2+1330002]
	Microsoft::Applications::Events::ILogManager::operator= [0x00007FF65C4DE137+5095]
	Microsoft::Applications::Events::GUID_t::GUID_t [0x00007FF65C516443+99987]
	Microsoft::Applications::Events::GUID_t::GUID_t [0x00007FF65C515A1A+97386]
	Microsoft::Applications::Events::GUID_t::GUID_t [0x00007FF65C50FF85+74197]
	Microsoft::Applications::Events::GUID_t::GUID_t [0x00007FF65C50CA07+60503]
	Microsoft::Applications::Events::GUID_t::GUID_t [0x00007FF65C54E62C+329852]
	Microsoft::Applications::Events::GUID_t::GUID_t [0x00007FF65C544373+288195]
	Microsoft::Applications::Events::GUID_t::GUID_t [0x00007FF65C519BEE+114238]
	Microsoft::Applications::Events::GUID_t::GUID_t [0x00007FF65C518DAC+110588]
	Microsoft::Applications::Events::GUID_t::GUID_t [0x00007FF65C5197A1+113137]
	GetHandleVerifier [0x00007FF65C7C39F4+650564]
	Microsoft::Applications::Events::FromJSON [0x00007FF65C5B99BC+79948]
	Microsoft::Applications::Events::FromJSON [0x00007FF65C692D4C+969692]
	Microsoft::Applications::Events::FromJSON [0x00007FF65C68B485+938773]
	GetHandleVerifier [0x00007FF65C7C29B5+646405]
	Microsoft::Applications::Events::FromJSON [0x00007FF65C6F2E81+1363217]
	Microsoft::Applications::Events::FromJSON [0x00007FF65C6EE4F4+1344388]
	Microsoft::Applications::Events::FromJSON [0x00007FF65C6EE62B+1344699]
	Microsoft::Applications::Events::FromJSON [0x00007FF65C6E5B21+1309105]
	BaseThreadInitThunk [0x00007FFD4970257D+29]
	RtlUserThreadStart [0x00007FFD4A5EAF28+40]

	at org.openqa.selenium.remote.W3CHandshakeResponse.lambda$errorHandler$0(W3CHandshakeResponse.java:62)
	at org.openqa.selenium.remote.HandshakeResponse.lambda$getResponseFunction$0(HandshakeResponse.java:30)
	at org.openqa.selenium.remote.ProtocolHandshake.lambda$createSession$0(ProtocolHandshake.java:126)
	at java.util.stream.ReferencePipeline$3$1.accept(ReferencePipeline.java:193)
	at java.util.Spliterators$ArraySpliterator.tryAdvance(Spliterators.java:958)
	at java.util.stream.ReferencePipeline.forEachWithCancel(ReferencePipeline.java:126)
	at java.util.stream.AbstractPipeline.copyIntoWithCancel(AbstractPipeline.java:499)
	at java.util.stream.AbstractPipeline.copyInto(AbstractPipeline.java:486)
	at java.util.stream.AbstractPipeline.wrapAndCopyInto(AbstractPipeline.java:472)
	at java.util.stream.FindOps$FindOp.evaluateSequential(FindOps.java:152)
	at java.util.stream.AbstractPipeline.evaluate(AbstractPipeline.java:234)
	at java.util.stream.ReferencePipeline.findFirst(ReferencePipeline.java:464)
	at org.openqa.selenium.remote.ProtocolHandshake.createSession(ProtocolHandshake.java:128)
	at org.openqa.selenium.remote.ProtocolHandshake.createSession(ProtocolHandshake.java:74)
	at org.openqa.selenium.remote.HttpCommandExecutor.execute(HttpCommandExecutor.java:136)
	at org.openqa.selenium.remote.service.DriverCommandExecutor.execute(DriverCommandExecutor.java:83)
	at org.openqa.selenium.remote.RemoteWebDriver.execute(RemoteWebDriver.java:552)
	at org.openqa.selenium.remote.RemoteWebDriver.startSession(RemoteWebDriver.java:213)
	at org.openqa.selenium.remote.RemoteWebDriver.&lt;init&gt;(RemoteWebDriver.java:131)
	at org.openqa.selenium.edge.EdgeDriver.&lt;init&gt;(EdgeDriver.java:141)
	at org.openqa.selenium.edge.EdgeDriver.&lt;init&gt;(EdgeDriver.java:96)
	at Common.Utilities.Browsers(Utilities.java:33)
	at java.util.ArrayList.forEach(ArrayList.java:1259)
	at java.util.concurrent.FutureTask.run(FutureTask.java:266)
	at java.util.concurrent.ThreadPoolExecutor.runWorker(ThreadPoolExecutor.java:1149)
	at java.util.concurrent.ThreadPoolExecutor$Worker.run(ThreadPoolExecutor.java:624)
	at java.lang.Thread.run(Thread.java:750)
... Removed 26 stack frames</div></td></tr></table><p class="totop"><a href="#summary">back to summary</a></p>
<h2>Regressiontesting</h2><h3 id="m3">Capstone.AutomationPractice6.Property#f</h3><table class="result"><tr><th class="invisible"/></tr></table><p class="totop"><a href="#summary">back to summary</a></p>
</body>
</html>
