<?xml version="1.0" encoding="UTF-8"?>
<testng-results skipped="1" failed="0" ignored="0" total="2" passed="1">
  <reporter-output>
  </reporter-output>
  <suite name="Functionaltestingsuite" duration-ms="7236" started-at="2024-07-06T03:12:56 EDT" finished-at="2024-07-06T03:13:04 EDT">
    <groups>
    </groups>
    <test name="RegressiontestingEdge" duration-ms="2176" started-at="2024-07-06T03:12:56 EDT" finished-at="2024-07-06T03:12:58 EDT">
      <class name="Capstone.AutomationPractice6.Property">
        <test-method status="FAIL" signature="Browsers(java.lang.String,java.lang.String)[pri:0, instance:Capstone.AutomationPractice6.Property@74a10858]" name="Browsers" is-config="true" duration-ms="2123" started-at="2024-07-06T03:12:56 EDT" finished-at="2024-07-06T03:12:58 EDT">
          <params>
            <param index="0">
              <value>
                <![CDATA[Edge]]>
              </value>
            </param>
            <param index="1">
              <value>
                <![CDATA[https://www.facebook.com]]>
              </value>
            </param>
          </params>
          <exception class="org.openqa.selenium.SessionNotCreatedException">
            <message>
              <![CDATA[session not created: This version of Microsoft Edge WebDriver only supports Microsoft Edge version 124
Current browser version is 126.0.2592.87 with binary path C:\Program Files (x86)\Microsoft\Edge\Application\msedge.exe
Build info: version: '3.141.59', revision: 'e82be7d358', time: '2018-11-14T08:17:03'
System info: host: 'RIAZ', ip: '192.168.18.29', os.name: 'Windows 11', os.arch: 'amd64', os.version: '10.0', java.version: '1.8.0_341'
Driver info: driver.version: EdgeDriver
remote stacktrace: GetHandleVerifier [0x00007FF65C72D8E2+35890]
Microsoft::Applications::Events::FromJSON [0x00007FF65C6EACC2+1330002]
Microsoft::Applications::Events::ILogManager::operator= [0x00007FF65C4DE137+5095]
Microsoft::Applications::Events::GUID_t::GUID_t [0x00007FF65C516443+99987]
Microsoft::Applications::Events::GUID_t::GUID_t [0x00007FF65C515A1A+97386]
Microsoft::Applications::Events::GUID_t::GUID_t [0x00007FF65C50FF85+74197]
Microsoft::Applications::Events::GUID_t::GUID_t [0x00007FF65C50CA07+60503]
Microsoft::Applications::Events::GUID_t::GUID_t [0x00007FF65C54E62C+329852]
Microsoft::Applications::Events::GUID_t::GUID_t [0x00007FF65C544373+288195]
Microsoft::Applications::Events::GUID_t::GUID_t [0x00007FF65C519BEE+114238]
Microsoft::Applications::Events::GUID_t::GUID_t [0x00007FF65C518DAC+110588]
Microsoft::Applications::Events::GUID_t::GUID_t [0x00007FF65C5197A1+113137]
GetHandleVerifier [0x00007FF65C7C39F4+650564]
Microsoft::Applications::Events::FromJSON [0x00007FF65C5B99BC+79948]
Microsoft::Applications::Events::FromJSON [0x00007FF65C692D4C+969692]
Microsoft::Applications::Events::FromJSON [0x00007FF65C68B485+938773]
GetHandleVerifier [0x00007FF65C7C29B5+646405]
Microsoft::Applications::Events::FromJSON [0x00007FF65C6F2E81+1363217]
Microsoft::Applications::Events::FromJSON [0x00007FF65C6EE4F4+1344388]
Microsoft::Applications::Events::FromJSON [0x00007FF65C6EE62B+1344699]
Microsoft::Applications::Events::FromJSON [0x00007FF65C6E5B21+1309105]
BaseThreadInitThunk [0x00007FFD4970257D+29]
RtlUserThreadStart [0x00007FFD4A5EAF28+40]
]]>
            </message>
            <full-stacktrace>
              <![CDATA[org.openqa.selenium.SessionNotCreatedException: session not created: This version of Microsoft Edge WebDriver only supports Microsoft Edge version 124
Current browser version is 126.0.2592.87 with binary path C:\Program Files (x86)\Microsoft\Edge\Application\msedge.exe
Build info: version: '3.141.59', revision: 'e82be7d358', time: '2018-11-14T08:17:03'
System info: host: 'RIAZ', ip: '192.168.18.29', os.name: 'Windows 11', os.arch: 'amd64', os.version: '10.0', java.version: '1.8.0_341'
Driver info: driver.version: EdgeDriver
remote stacktrace: GetHandleVerifier [0x00007FF65C72D8E2+35890]
Microsoft::Applications::Events::FromJSON [0x00007FF65C6EACC2+1330002]
Microsoft::Applications::Events::ILogManager::operator= [0x00007FF65C4DE137+5095]
Microsoft::Applications::Events::GUID_t::GUID_t [0x00007FF65C516443+99987]
Microsoft::Applications::Events::GUID_t::GUID_t [0x00007FF65C515A1A+97386]
Microsoft::Applications::Events::GUID_t::GUID_t [0x00007FF65C50FF85+74197]
Microsoft::Applications::Events::GUID_t::GUID_t [0x00007FF65C50CA07+60503]
Microsoft::Applications::Events::GUID_t::GUID_t [0x00007FF65C54E62C+329852]
Microsoft::Applications::Events::GUID_t::GUID_t [0x00007FF65C544373+288195]
Microsoft::Applications::Events::GUID_t::GUID_t [0x00007FF65C519BEE+114238]
Microsoft::Applications::Events::GUID_t::GUID_t [0x00007FF65C518DAC+110588]
Microsoft::Applications::Events::GUID_t::GUID_t [0x00007FF65C5197A1+113137]
GetHandleVerifier [0x00007FF65C7C39F4+650564]
Microsoft::Applications::Events::FromJSON [0x00007FF65C5B99BC+79948]
Microsoft::Applications::Events::FromJSON [0x00007FF65C692D4C+969692]
Microsoft::Applications::Events::FromJSON [0x00007FF65C68B485+938773]
GetHandleVerifier [0x00007FF65C7C29B5+646405]
Microsoft::Applications::Events::FromJSON [0x00007FF65C6F2E81+1363217]
Microsoft::Applications::Events::FromJSON [0x00007FF65C6EE4F4+1344388]
Microsoft::Applications::Events::FromJSON [0x00007FF65C6EE62B+1344699]
Microsoft::Applications::Events::FromJSON [0x00007FF65C6E5B21+1309105]
BaseThreadInitThunk [0x00007FFD4970257D+29]
RtlUserThreadStart [0x00007FFD4A5EAF28+40]

at sun.reflect.NativeConstructorAccessorImpl.newInstance0(Native Method)
at sun.reflect.NativeConstructorAccessorImpl.newInstance(NativeConstructorAccessorImpl.java:62)
at sun.reflect.DelegatingConstructorAccessorImpl.newInstance(DelegatingConstructorAccessorImpl.java:45)
at java.lang.reflect.Constructor.newInstance(Constructor.java:423)
at org.openqa.selenium.remote.W3CHandshakeResponse.lambda$errorHandler$0(W3CHandshakeResponse.java:62)
at org.openqa.selenium.remote.HandshakeResponse.lambda$getResponseFunction$0(HandshakeResponse.java:30)
at org.openqa.selenium.remote.ProtocolHandshake.lambda$createSession$0(ProtocolHandshake.java:126)
at java.util.stream.ReferencePipeline$3$1.accept(ReferencePipeline.java:193)
at java.util.Spliterators$ArraySpliterator.tryAdvance(Spliterators.java:958)
at java.util.stream.ReferencePipeline.forEachWithCancel(ReferencePipeline.java:126)
at java.util.stream.AbstractPipeline.copyIntoWithCancel(AbstractPipeline.java:499)
at java.util.stream.AbstractPipeline.copyInto(AbstractPipeline.java:486)
at java.util.stream.AbstractPipeline.wrapAndCopyInto(AbstractPipeline.java:472)
at java.util.stream.FindOps$FindOp.evaluateSequential(FindOps.java:152)
at java.util.stream.AbstractPipeline.evaluate(AbstractPipeline.java:234)
at java.util.stream.ReferencePipeline.findFirst(ReferencePipeline.java:464)
at org.openqa.selenium.remote.ProtocolHandshake.createSession(ProtocolHandshake.java:128)
at org.openqa.selenium.remote.ProtocolHandshake.createSession(ProtocolHandshake.java:74)
at org.openqa.selenium.remote.HttpCommandExecutor.execute(HttpCommandExecutor.java:136)
at org.openqa.selenium.remote.service.DriverCommandExecutor.execute(DriverCommandExecutor.java:83)
at org.openqa.selenium.remote.RemoteWebDriver.execute(RemoteWebDriver.java:552)
at org.openqa.selenium.remote.RemoteWebDriver.startSession(RemoteWebDriver.java:213)
at org.openqa.selenium.remote.RemoteWebDriver.<init>(RemoteWebDriver.java:131)
at org.openqa.selenium.edge.EdgeDriver.<init>(EdgeDriver.java:141)
at org.openqa.selenium.edge.EdgeDriver.<init>(EdgeDriver.java:96)
at Common.Utilities.Browsers(Utilities.java:33)
at sun.reflect.NativeMethodAccessorImpl.invoke0(Native Method)
at sun.reflect.NativeMethodAccessorImpl.invoke(NativeMethodAccessorImpl.java:62)
at sun.reflect.DelegatingMethodAccessorImpl.invoke(DelegatingMethodAccessorImpl.java:43)
at java.lang.reflect.Method.invoke(Method.java:498)
at org.testng.internal.MethodInvocationHelper.invokeMethod(MethodInvocationHelper.java:133)
at org.testng.internal.MethodInvocationHelper.invokeMethodConsideringTimeout(MethodInvocationHelper.java:62)
at org.testng.internal.ConfigInvoker.invokeConfigurationMethod(ConfigInvoker.java:385)
at org.testng.internal.ConfigInvoker.invokeConfigurations(ConfigInvoker.java:321)
at org.testng.internal.TestInvoker.runConfigMethods(TestInvoker.java:700)
at org.testng.internal.TestInvoker.invokeMethod(TestInvoker.java:527)
at org.testng.internal.TestInvoker.invokeTestMethod(TestInvoker.java:173)
at org.testng.internal.MethodRunner.runInSequence(MethodRunner.java:46)
at org.testng.internal.TestInvoker$MethodInvocationAgent.invoke(TestInvoker.java:824)
at org.testng.internal.TestInvoker.invokeTestMethods(TestInvoker.java:146)
at org.testng.internal.TestMethodWorker.invokeTestMethods(TestMethodWorker.java:146)
at org.testng.internal.TestMethodWorker.run(TestMethodWorker.java:128)
at java.util.ArrayList.forEach(ArrayList.java:1259)
at org.testng.TestRunner.privateRun(TestRunner.java:794)
at org.testng.TestRunner.run(TestRunner.java:596)
at org.testng.SuiteRunner.runTest(SuiteRunner.java:377)
at org.testng.SuiteRunner.access$000(SuiteRunner.java:28)
at org.testng.SuiteRunner$SuiteWorker.run(SuiteRunner.java:418)
at org.testng.internal.thread.ThreadUtil.lambda$execute$0(ThreadUtil.java:64)
at java.util.concurrent.FutureTask.run(FutureTask.java:266)
at java.util.concurrent.ThreadPoolExecutor.runWorker(ThreadPoolExecutor.java:1149)
at java.util.concurrent.ThreadPoolExecutor$Worker.run(ThreadPoolExecutor.java:624)
at java.lang.Thread.run(Thread.java:750)
]]>
            </full-stacktrace>
          </exception> <!-- org.openqa.selenium.SessionNotCreatedException -->
          <reporter-output>
          </reporter-output>
        </test-method> <!-- Browsers -->
        <test-method status="SKIP" signature="f()[pri:0, instance:Capstone.AutomationPractice6.Property@74a10858]" name="f" duration-ms="0" started-at="2024-07-06T03:12:58 EDT" finished-at="2024-07-06T03:12:58 EDT">
          <exception class="org.openqa.selenium.SessionNotCreatedException">
            <message>
              <![CDATA[session not created: This version of Microsoft Edge WebDriver only supports Microsoft Edge version 124
Current browser version is 126.0.2592.87 with binary path C:\Program Files (x86)\Microsoft\Edge\Application\msedge.exe
Build info: version: '3.141.59', revision: 'e82be7d358', time: '2018-11-14T08:17:03'
System info: host: 'RIAZ', ip: '192.168.18.29', os.name: 'Windows 11', os.arch: 'amd64', os.version: '10.0', java.version: '1.8.0_341'
Driver info: driver.version: EdgeDriver
remote stacktrace: GetHandleVerifier [0x00007FF65C72D8E2+35890]
Microsoft::Applications::Events::FromJSON [0x00007FF65C6EACC2+1330002]
Microsoft::Applications::Events::ILogManager::operator= [0x00007FF65C4DE137+5095]
Microsoft::Applications::Events::GUID_t::GUID_t [0x00007FF65C516443+99987]
Microsoft::Applications::Events::GUID_t::GUID_t [0x00007FF65C515A1A+97386]
Microsoft::Applications::Events::GUID_t::GUID_t [0x00007FF65C50FF85+74197]
Microsoft::Applications::Events::GUID_t::GUID_t [0x00007FF65C50CA07+60503]
Microsoft::Applications::Events::GUID_t::GUID_t [0x00007FF65C54E62C+329852]
Microsoft::Applications::Events::GUID_t::GUID_t [0x00007FF65C544373+288195]
Microsoft::Applications::Events::GUID_t::GUID_t [0x00007FF65C519BEE+114238]
Microsoft::Applications::Events::GUID_t::GUID_t [0x00007FF65C518DAC+110588]
Microsoft::Applications::Events::GUID_t::GUID_t [0x00007FF65C5197A1+113137]
GetHandleVerifier [0x00007FF65C7C39F4+650564]
Microsoft::Applications::Events::FromJSON [0x00007FF65C5B99BC+79948]
Microsoft::Applications::Events::FromJSON [0x00007FF65C692D4C+969692]
Microsoft::Applications::Events::FromJSON [0x00007FF65C68B485+938773]
GetHandleVerifier [0x00007FF65C7C29B5+646405]
Microsoft::Applications::Events::FromJSON [0x00007FF65C6F2E81+1363217]
Microsoft::Applications::Events::FromJSON [0x00007FF65C6EE4F4+1344388]
Microsoft::Applications::Events::FromJSON [0x00007FF65C6EE62B+1344699]
Microsoft::Applications::Events::FromJSON [0x00007FF65C6E5B21+1309105]
BaseThreadInitThunk [0x00007FFD4970257D+29]
RtlUserThreadStart [0x00007FFD4A5EAF28+40]
]]>
            </message>
            <full-stacktrace>
              <![CDATA[org.openqa.selenium.SessionNotCreatedException: session not created: This version of Microsoft Edge WebDriver only supports Microsoft Edge version 124
Current browser version is 126.0.2592.87 with binary path C:\Program Files (x86)\Microsoft\Edge\Application\msedge.exe
Build info: version: '3.141.59', revision: 'e82be7d358', time: '2018-11-14T08:17:03'
System info: host: 'RIAZ', ip: '192.168.18.29', os.name: 'Windows 11', os.arch: 'amd64', os.version: '10.0', java.version: '1.8.0_341'
Driver info: driver.version: EdgeDriver
remote stacktrace: GetHandleVerifier [0x00007FF65C72D8E2+35890]
Microsoft::Applications::Events::FromJSON [0x00007FF65C6EACC2+1330002]
Microsoft::Applications::Events::ILogManager::operator= [0x00007FF65C4DE137+5095]
Microsoft::Applications::Events::GUID_t::GUID_t [0x00007FF65C516443+99987]
Microsoft::Applications::Events::GUID_t::GUID_t [0x00007FF65C515A1A+97386]
Microsoft::Applications::Events::GUID_t::GUID_t [0x00007FF65C50FF85+74197]
Microsoft::Applications::Events::GUID_t::GUID_t [0x00007FF65C50CA07+60503]
Microsoft::Applications::Events::GUID_t::GUID_t [0x00007FF65C54E62C+329852]
Microsoft::Applications::Events::GUID_t::GUID_t [0x00007FF65C544373+288195]
Microsoft::Applications::Events::GUID_t::GUID_t [0x00007FF65C519BEE+114238]
Microsoft::Applications::Events::GUID_t::GUID_t [0x00007FF65C518DAC+110588]
Microsoft::Applications::Events::GUID_t::GUID_t [0x00007FF65C5197A1+113137]
GetHandleVerifier [0x00007FF65C7C39F4+650564]
Microsoft::Applications::Events::FromJSON [0x00007FF65C5B99BC+79948]
Microsoft::Applications::Events::FromJSON [0x00007FF65C692D4C+969692]
Microsoft::Applications::Events::FromJSON [0x00007FF65C68B485+938773]
GetHandleVerifier [0x00007FF65C7C29B5+646405]
Microsoft::Applications::Events::FromJSON [0x00007FF65C6F2E81+1363217]
Microsoft::Applications::Events::FromJSON [0x00007FF65C6EE4F4+1344388]
Microsoft::Applications::Events::FromJSON [0x00007FF65C6EE62B+1344699]
Microsoft::Applications::Events::FromJSON [0x00007FF65C6E5B21+1309105]
BaseThreadInitThunk [0x00007FFD4970257D+29]
RtlUserThreadStart [0x00007FFD4A5EAF28+40]

at sun.reflect.NativeConstructorAccessorImpl.newInstance0(Native Method)
at sun.reflect.NativeConstructorAccessorImpl.newInstance(NativeConstructorAccessorImpl.java:62)
at sun.reflect.DelegatingConstructorAccessorImpl.newInstance(DelegatingConstructorAccessorImpl.java:45)
at java.lang.reflect.Constructor.newInstance(Constructor.java:423)
at org.openqa.selenium.remote.W3CHandshakeResponse.lambda$errorHandler$0(W3CHandshakeResponse.java:62)
at org.openqa.selenium.remote.HandshakeResponse.lambda$getResponseFunction$0(HandshakeResponse.java:30)
at org.openqa.selenium.remote.ProtocolHandshake.lambda$createSession$0(ProtocolHandshake.java:126)
at java.util.stream.ReferencePipeline$3$1.accept(ReferencePipeline.java:193)
at java.util.Spliterators$ArraySpliterator.tryAdvance(Spliterators.java:958)
at java.util.stream.ReferencePipeline.forEachWithCancel(ReferencePipeline.java:126)
at java.util.stream.AbstractPipeline.copyIntoWithCancel(AbstractPipeline.java:499)
at java.util.stream.AbstractPipeline.copyInto(AbstractPipeline.java:486)
at java.util.stream.AbstractPipeline.wrapAndCopyInto(AbstractPipeline.java:472)
at java.util.stream.FindOps$FindOp.evaluateSequential(FindOps.java:152)
at java.util.stream.AbstractPipeline.evaluate(AbstractPipeline.java:234)
at java.util.stream.ReferencePipeline.findFirst(ReferencePipeline.java:464)
at org.openqa.selenium.remote.ProtocolHandshake.createSession(ProtocolHandshake.java:128)
at org.openqa.selenium.remote.ProtocolHandshake.createSession(ProtocolHandshake.java:74)
at org.openqa.selenium.remote.HttpCommandExecutor.execute(HttpCommandExecutor.java:136)
at org.openqa.selenium.remote.service.DriverCommandExecutor.execute(DriverCommandExecutor.java:83)
at org.openqa.selenium.remote.RemoteWebDriver.execute(RemoteWebDriver.java:552)
at org.openqa.selenium.remote.RemoteWebDriver.startSession(RemoteWebDriver.java:213)
at org.openqa.selenium.remote.RemoteWebDriver.<init>(RemoteWebDriver.java:131)
at org.openqa.selenium.edge.EdgeDriver.<init>(EdgeDriver.java:141)
at org.openqa.selenium.edge.EdgeDriver.<init>(EdgeDriver.java:96)
at Common.Utilities.Browsers(Utilities.java:33)
at sun.reflect.NativeMethodAccessorImpl.invoke0(Native Method)
at sun.reflect.NativeMethodAccessorImpl.invoke(NativeMethodAccessorImpl.java:62)
at sun.reflect.DelegatingMethodAccessorImpl.invoke(DelegatingMethodAccessorImpl.java:43)
at java.lang.reflect.Method.invoke(Method.java:498)
at org.testng.internal.MethodInvocationHelper.invokeMethod(MethodInvocationHelper.java:133)
at org.testng.internal.MethodInvocationHelper.invokeMethodConsideringTimeout(MethodInvocationHelper.java:62)
at org.testng.internal.ConfigInvoker.invokeConfigurationMethod(ConfigInvoker.java:385)
at org.testng.internal.ConfigInvoker.invokeConfigurations(ConfigInvoker.java:321)
at org.testng.internal.TestInvoker.runConfigMethods(TestInvoker.java:700)
at org.testng.internal.TestInvoker.invokeMethod(TestInvoker.java:527)
at org.testng.internal.TestInvoker.invokeTestMethod(TestInvoker.java:173)
at org.testng.internal.MethodRunner.runInSequence(MethodRunner.java:46)
at org.testng.internal.TestInvoker$MethodInvocationAgent.invoke(TestInvoker.java:824)
at org.testng.internal.TestInvoker.invokeTestMethods(TestInvoker.java:146)
at org.testng.internal.TestMethodWorker.invokeTestMethods(TestMethodWorker.java:146)
at org.testng.internal.TestMethodWorker.run(TestMethodWorker.java:128)
at java.util.ArrayList.forEach(ArrayList.java:1259)
at org.testng.TestRunner.privateRun(TestRunner.java:794)
at org.testng.TestRunner.run(TestRunner.java:596)
at org.testng.SuiteRunner.runTest(SuiteRunner.java:377)
at org.testng.SuiteRunner.access$000(SuiteRunner.java:28)
at org.testng.SuiteRunner$SuiteWorker.run(SuiteRunner.java:418)
at org.testng.internal.thread.ThreadUtil.lambda$execute$0(ThreadUtil.java:64)
at java.util.concurrent.FutureTask.run(FutureTask.java:266)
at java.util.concurrent.ThreadPoolExecutor.runWorker(ThreadPoolExecutor.java:1149)
at java.util.concurrent.ThreadPoolExecutor$Worker.run(ThreadPoolExecutor.java:624)
at java.lang.Thread.run(Thread.java:750)
]]>
            </full-stacktrace>
          </exception> <!-- org.openqa.selenium.SessionNotCreatedException -->
          <reporter-output>
          </reporter-output>
        </test-method> <!-- f -->
        <test-method status="SKIP" signature="afterMethod()[pri:0, instance:Capstone.AutomationPractice6.Property@74a10858]" name="afterMethod" is-config="true" duration-ms="-1720249978960" started-at="2024-07-06T03:12:58 EDT" finished-at="1969-12-31T19:00:00 EST">
          <reporter-output>
          </reporter-output>
        </test-method> <!-- afterMethod -->
      </class> <!-- Capstone.AutomationPractice6.Property -->
    </test> <!-- RegressiontestingEdge -->
    <test name="Regressiontesting" duration-ms="7236" started-at="2024-07-06T03:12:56 EDT" finished-at="2024-07-06T03:13:04 EDT">
      <class name="Capstone.AutomationPractice6.Property">
        <test-method status="PASS" signature="Browsers(java.lang.String,java.lang.String)[pri:0, instance:Capstone.AutomationPractice6.Property@3d921e20]" name="Browsers" is-config="true" duration-ms="3240" started-at="2024-07-06T03:12:56 EDT" finished-at="2024-07-06T03:13:00 EDT">
          <params>
            <param index="0">
              <value>
                <![CDATA[Chrome]]>
              </value>
            </param>
            <param index="1">
              <value>
                <![CDATA[https://www.facebook.com]]>
              </value>
            </param>
          </params>
          <reporter-output>
          </reporter-output>
        </test-method> <!-- Browsers -->
        <test-method status="PASS" signature="f()[pri:0, instance:Capstone.AutomationPractice6.Property@3d921e20]" name="f" duration-ms="51" started-at="2024-07-06T03:13:00 EDT" finished-at="2024-07-06T03:13:00 EDT">
          <reporter-output>
          </reporter-output>
        </test-method> <!-- f -->
        <test-method status="PASS" signature="afterMethod()[pri:0, instance:Capstone.AutomationPractice6.Property@3d921e20]" name="afterMethod" is-config="true" duration-ms="3812" started-at="2024-07-06T03:13:00 EDT" finished-at="2024-07-06T03:13:04 EDT">
          <reporter-output>
          </reporter-output>
        </test-method> <!-- afterMethod -->
      </class> <!-- Capstone.AutomationPractice6.Property -->
    </test> <!-- Regressiontesting -->
  </suite> <!-- Functionaltestingsuite -->
</testng-results>
